::1 - - [20/May/2021:21:30:52 +0900] "GET / HTTP/1.1" 403 491 "-" "Mozilla/5.0 (Windows NT 10.0; Win64; x64) AppleWebKit/537.36 (KHTML, like Gecko) Chrome/90.0.4430.212 Safari/537.36"
::1 - - [20/May/2021:23:16:52 +0900] "GET / HTTP/1.1" 500 803 "-" "Mozilla/5.0 (Windows NT 10.0; Win64; x64) AppleWebKit/537.36 (KHTML, like Gecko) Chrome/90.0.4430.212 Safari/537.36"
::1 - - [20/May/2021:23:16:52 +0900] "GET /favicon.ico HTTP/1.1" 500 803 "http://localhost:5000/" "Mozilla/5.0 (Windows NT 10.0; Win64; x64) AppleWebKit/537.36 (KHTML, like Gecko) Chrome/90.0.4430.212 Safari/537.36"
::1 - - [20/May/2021:23:21:27 +0900] "GET / HTTP/1.1" 500 803 "-" "Mozilla/5.0 (Windows NT 10.0; Win64; x64) AppleWebKit/537.36 (KHTML, like Gecko) Chrome/90.0.4430.212 Safari/537.36"
::1 - - [20/May/2021:23:21:27 +0900] "GET /favicon.ico HTTP/1.1" 500 803 "http://localhost:5000/" "Mozilla/5.0 (Windows NT 10.0; Win64; x64) AppleWebKit/537.36 (KHTML, like Gecko) Chrome/90.0.4430.212 Safari/537.36"
::1 - - [20/May/2021:23:21:48 +0900] "GET / HTTP/1.1" 500 803 "-" "Mozilla/5.0 (Windows NT 10.0; Win64; x64) AppleWebKit/537.36 (KHTML, like Gecko) Chrome/90.0.4430.212 Safari/537.36"
::1 - - [20/May/2021:23:21:48 +0900] "GET /favicon.ico HTTP/1.1" 500 803 "http://localhost:5000/" "Mozilla/5.0 (Windows NT 10.0; Win64; x64) AppleWebKit/537.36 (KHTML, like Gecko) Chrome/90.0.4430.212 Safari/537.36"
::1 - - [20/May/2021:23:21:48 +0900] "GET / HTTP/1.1" 500 803 "-" "Mozilla/5.0 (Windows NT 10.0; Win64; x64) AppleWebKit/537.36 (KHTML, like Gecko) Chrome/90.0.4430.212 Safari/537.36"
::1 - - [20/May/2021:23:21:48 +0900] "GET /favicon.ico HTTP/1.1" 500 803 "http://localhost:5000/" "Mozilla/5.0 (Windows NT 10.0; Win64; x64) AppleWebKit/537.36 (KHTML, like Gecko) Chrome/90.0.4430.212 Safari/537.36"
::1 - - [20/May/2021:23:21:49 +0900] "GET / HTTP/1.1" 500 803 "-" "Mozilla/5.0 (Windows NT 10.0; Win64; x64) AppleWebKit/537.36 (KHTML, like Gecko) Chrome/90.0.4430.212 Safari/537.36"
::1 - - [20/May/2021:23:21:49 +0900] "GET /favicon.ico HTTP/1.1" 500 803 "http://localhost:5000/" "Mozilla/5.0 (Windows NT 10.0; Win64; x64) AppleWebKit/537.36 (KHTML, like Gecko) Chrome/90.0.4430.212 Safari/537.36"
::1 - - [20/May/2021:23:21:49 +0900] "GET / HTTP/1.1" 500 803 "-" "Mozilla/5.0 (Windows NT 10.0; Win64; x64) AppleWebKit/537.36 (KHTML, like Gecko) Chrome/90.0.4430.212 Safari/537.36"
::1 - - [20/May/2021:23:21:49 +0900] "GET /favicon.ico HTTP/1.1" 500 803 "http://localhost:5000/" "Mozilla/5.0 (Windows NT 10.0; Win64; x64) AppleWebKit/537.36 (KHTML, like Gecko) Chrome/90.0.4430.212 Safari/537.36"
::1 - - [21/May/2021:20:57:41 +0900] "GET / HTTP/1.1" 500 803 "-" "Mozilla/5.0 (Windows NT 10.0; Win64; x64) AppleWebKit/537.36 (KHTML, like Gecko) Chrome/90.0.4430.212 Safari/537.36"
::1 - - [21/May/2021:20:57:42 +0900] "GET /favicon.ico HTTP/1.1" 500 803 "http://localhost:5000/" "Mozilla/5.0 (Windows NT 10.0; Win64; x64) AppleWebKit/537.36 (KHTML, like Gecko) Chrome/90.0.4430.212 Safari/537.36"
::1 - - [21/May/2021:21:26:38 +0900] "GET / HTTP/1.1" 500 808 "-" "Mozilla/5.0 (Windows NT 10.0; Win64; x64) AppleWebKit/537.36 (KHTML, like Gecko) Chrome/90.0.4430.212 Safari/537.36"
::1 - - [21/May/2021:21:26:38 +0900] "GET /favicon.ico HTTP/1.1" 500 808 "http://localhost:5000/" "Mozilla/5.0 (Windows NT 10.0; Win64; x64) AppleWebKit/537.36 (KHTML, like Gecko) Chrome/90.0.4430.212 Safari/537.36"
::1 - - [21/May/2021:21:36:48 +0900] "GET / HTTP/1.1" 500 808 "-" "Mozilla/5.0 (Windows NT 10.0; Win64; x64) AppleWebKit/537.36 (KHTML, like Gecko) Chrome/90.0.4430.212 Safari/537.36"
::1 - - [21/May/2021:21:36:50 +0900] "GET /favicon.ico HTTP/1.1" 500 808 "http://localhost:5000/" "Mozilla/5.0 (Windows NT 10.0; Win64; x64) AppleWebKit/537.36 (KHTML, like Gecko) Chrome/90.0.4430.212 Safari/537.36"
::1 - - [21/May/2021:21:42:28 +0900] "GET / HTTP/1.1" 200 1228 "-" "Mozilla/5.0 (Windows NT 10.0; Win64; x64) AppleWebKit/537.36 (KHTML, like Gecko) Chrome/90.0.4430.212 Safari/537.36"
::1 - - [21/May/2021:21:42:30 +0900] "GET /fileNum.js HTTP/1.1" 404 443 "http://localhost:5000/" "Mozilla/5.0 (Windows NT 10.0; Win64; x64) AppleWebKit/537.36 (KHTML, like Gecko) Chrome/90.0.4430.212 Safari/537.36"
::1 - - [21/May/2021:21:42:30 +0900] "GET /favicon.ico HTTP/1.1" 404 443 "http://localhost:5000/" "Mozilla/5.0 (Windows NT 10.0; Win64; x64) AppleWebKit/537.36 (KHTML, like Gecko) Chrome/90.0.4430.212 Safari/537.36"
::1 - - [21/May/2021:21:42:40 +0900] "GET /index HTTP/1.1" 200 646 "http://localhost:5000/" "Mozilla/5.0 (Windows NT 10.0; Win64; x64) AppleWebKit/537.36 (KHTML, like Gecko) Chrome/90.0.4430.212 Safari/537.36"
::1 - - [21/May/2021:21:42:45 +0900] "POST /emotion_prediction HTTP/1.1" 500 477 "http://localhost:5000/index" "Mozilla/5.0 (Windows NT 10.0; Win64; x64) AppleWebKit/537.36 (KHTML, like Gecko) Chrome/90.0.4430.212 Safari/537.36"
::1 - - [21/May/2021:21:43:04 +0900] "GET /index HTTP/1.1" 200 646 "http://localhost:5000/" "Mozilla/5.0 (Windows NT 10.0; Win64; x64) AppleWebKit/537.36 (KHTML, like Gecko) Chrome/90.0.4430.212 Safari/537.36"
::1 - - [21/May/2021:21:43:08 +0900] "POST /emotion_prediction HTTP/1.1" 500 477 "http://localhost:5000/index" "Mozilla/5.0 (Windows NT 10.0; Win64; x64) AppleWebKit/537.36 (KHTML, like Gecko) Chrome/90.0.4430.212 Safari/537.36"
::1 - - [21/May/2021:21:43:56 +0900] "GET / HTTP/1.1" 200 1228 "-" "Mozilla/5.0 (Windows NT 10.0; Win64; x64) AppleWebKit/537.36 (KHTML, like Gecko) Chrome/90.0.4430.212 Safari/537.36"
::1 - - [21/May/2021:21:43:58 +0900] "GET /fileNum.js HTTP/1.1" 404 443 "http://localhost:5000/" "Mozilla/5.0 (Windows NT 10.0; Win64; x64) AppleWebKit/537.36 (KHTML, like Gecko) Chrome/90.0.4430.212 Safari/537.36"
::1 - - [21/May/2021:21:44:01 +0900] "GET /restore HTTP/1.1" 200 665 "http://localhost:5000/" "Mozilla/5.0 (Windows NT 10.0; Win64; x64) AppleWebKit/537.36 (KHTML, like Gecko) Chrome/90.0.4430.212 Safari/537.36"
::1 - - [21/May/2021:21:44:05 +0900] "POST /multi_upload_gan HTTP/1.1" 500 477 "http://localhost:5000/restore" "Mozilla/5.0 (Windows NT 10.0; Win64; x64) AppleWebKit/537.36 (KHTML, like Gecko) Chrome/90.0.4430.212 Safari/537.36"
::1 - - [21/May/2021:22:02:17 +0900] "GET / HTTP/1.1" 200 1228 "-" "Mozilla/5.0 (Windows NT 10.0; Win64; x64) AppleWebKit/537.36 (KHTML, like Gecko) Chrome/90.0.4430.212 Safari/537.36"
::1 - - [21/May/2021:22:02:19 +0900] "GET /fileNum.js HTTP/1.1" 404 443 "http://localhost:5000/" "Mozilla/5.0 (Windows NT 10.0; Win64; x64) AppleWebKit/537.36 (KHTML, like Gecko) Chrome/90.0.4430.212 Safari/537.36"
::1 - - [21/May/2021:22:02:20 +0900] "GET / HTTP/1.1" 200 1227 "-" "Mozilla/5.0 (Windows NT 10.0; Win64; x64) AppleWebKit/537.36 (KHTML, like Gecko) Chrome/90.0.4430.212 Safari/537.36"
::1 - - [21/May/2021:22:02:21 +0900] "GET /fileNum.js HTTP/1.1" 404 443 "http://localhost:5000/" "Mozilla/5.0 (Windows NT 10.0; Win64; x64) AppleWebKit/537.36 (KHTML, like Gecko) Chrome/90.0.4430.212 Safari/537.36"
::1 - - [21/May/2021:22:02:22 +0900] "GET /index HTTP/1.1" 200 645 "http://localhost:5000/" "Mozilla/5.0 (Windows NT 10.0; Win64; x64) AppleWebKit/537.36 (KHTML, like Gecko) Chrome/90.0.4430.212 Safari/537.36"
::1 - - [21/May/2021:22:02:26 +0900] "POST /emotion_prediction HTTP/1.1" 500 477 "http://localhost:5000/index" "Mozilla/5.0 (Windows NT 10.0; Win64; x64) AppleWebKit/537.36 (KHTML, like Gecko) Chrome/90.0.4430.212 Safari/537.36"
::1 - - [23/May/2021:18:19:11 +0900] "GET / HTTP/1.1" 200 1228 "-" "Mozilla/5.0 (Windows NT 10.0; Win64; x64) AppleWebKit/537.36 (KHTML, like Gecko) Chrome/90.0.4430.212 Safari/537.36"
::1 - - [23/May/2021:18:19:13 +0900] "GET /fileNum.js HTTP/1.1" 404 443 "http://localhost:5000/" "Mozilla/5.0 (Windows NT 10.0; Win64; x64) AppleWebKit/537.36 (KHTML, like Gecko) Chrome/90.0.4430.212 Safari/537.36"
::1 - - [23/May/2021:18:19:16 +0900] "GET /index HTTP/1.1" 200 645 "http://localhost:5000/" "Mozilla/5.0 (Windows NT 10.0; Win64; x64) AppleWebKit/537.36 (KHTML, like Gecko) Chrome/90.0.4430.212 Safari/537.36"
::1 - - [23/May/2021:18:19:20 +0900] "POST /emotion_prediction HTTP/1.1" 500 477 "http://localhost:5000/index" "Mozilla/5.0 (Windows NT 10.0; Win64; x64) AppleWebKit/537.36 (KHTML, like Gecko) Chrome/90.0.4430.212 Safari/537.36"
::1 - - [23/May/2021:18:24:23 +0900] "POST /emotion_prediction HTTP/1.1" 500 808 "http://localhost:5000/index" "Mozilla/5.0 (Windows NT 10.0; Win64; x64) AppleWebKit/537.36 (KHTML, like Gecko) Chrome/90.0.4430.212 Safari/537.36"
::1 - - [23/May/2021:18:29:24 +0900] "POST /emotion_prediction HTTP/1.1" 500 477 "http://localhost:5000/index" "Mozilla/5.0 (Windows NT 10.0; Win64; x64) AppleWebKit/537.36 (KHTML, like Gecko) Chrome/90.0.4430.212 Safari/537.36"
::1 - - [23/May/2021:18:31:43 +0900] "POST /emotion_prediction HTTP/1.1" 500 808 "http://localhost:5000/index" "Mozilla/5.0 (Windows NT 10.0; Win64; x64) AppleWebKit/537.36 (KHTML, like Gecko) Chrome/90.0.4430.212 Safari/537.36"
::1 - - [23/May/2021:18:35:05 +0900] "GET / HTTP/1.1" 500 808 "-" "Mozilla/5.0 (Windows NT 10.0; Win64; x64) AppleWebKit/537.36 (KHTML, like Gecko) Chrome/90.0.4430.212 Safari/537.36"
::1 - - [23/May/2021:18:35:17 +0900] "GET / HTTP/1.1" 500 808 "-" "Mozilla/5.0 (Windows NT 10.0; Win64; x64) AppleWebKit/537.36 (KHTML, like Gecko) Chrome/90.0.4430.212 Safari/537.36"
::1 - - [23/May/2021:18:36:04 +0900] "GET / HTTP/1.1" 200 1228 "-" "Mozilla/5.0 (Windows NT 10.0; Win64; x64) AppleWebKit/537.36 (KHTML, like Gecko) Chrome/90.0.4430.212 Safari/537.36"
::1 - - [23/May/2021:18:36:06 +0900] "GET /fileNum.js HTTP/1.1" 404 443 "http://localhost:5000/" "Mozilla/5.0 (Windows NT 10.0; Win64; x64) AppleWebKit/537.36 (KHTML, like Gecko) Chrome/90.0.4430.212 Safari/537.36"
::1 - - [23/May/2021:18:36:08 +0900] "GET /index HTTP/1.1" 200 645 "http://localhost:5000/" "Mozilla/5.0 (Windows NT 10.0; Win64; x64) AppleWebKit/537.36 (KHTML, like Gecko) Chrome/90.0.4430.212 Safari/537.36"
::1 - - [23/May/2021:18:36:13 +0900] "POST /emotion_prediction HTTP/1.1" 500 477 "http://localhost:5000/index" "Mozilla/5.0 (Windows NT 10.0; Win64; x64) AppleWebKit/537.36 (KHTML, like Gecko) Chrome/90.0.4430.212 Safari/537.36"
::1 - - [23/May/2021:18:37:44 +0900] "POST /emotion_prediction HTTP/1.1" 500 477 "http://localhost:5000/index" "Mozilla/5.0 (Windows NT 10.0; Win64; x64) AppleWebKit/537.36 (KHTML, like Gecko) Chrome/90.0.4430.212 Safari/537.36"
::1 - - [23/May/2021:19:10:12 +0900] "GET /restore HTTP/1.1" 200 666 "http://localhost:5000/" "Mozilla/5.0 (Windows NT 10.0; Win64; x64) AppleWebKit/537.36 (KHTML, like Gecko) Chrome/90.0.4430.212 Safari/537.36"
::1 - - [23/May/2021:19:10:17 +0900] "POST /multi_upload_gan HTTP/1.1" 500 477 "http://localhost:5000/restore" "Mozilla/5.0 (Windows NT 10.0; Win64; x64) AppleWebKit/537.36 (KHTML, like Gecko) Chrome/90.0.4430.212 Safari/537.36"
::1 - - [23/May/2021:19:25:59 +0900] "GET / HTTP/1.1" 200 1228 "-" "Mozilla/5.0 (Windows NT 10.0; Win64; x64) AppleWebKit/537.36 (KHTML, like Gecko) Chrome/90.0.4430.212 Safari/537.36"
::1 - - [23/May/2021:19:26:01 +0900] "GET /fileNum.js HTTP/1.1" 404 443 "http://localhost:5000/" "Mozilla/5.0 (Windows NT 10.0; Win64; x64) AppleWebKit/537.36 (KHTML, like Gecko) Chrome/90.0.4430.212 Safari/537.36"
::1 - - [23/May/2021:19:26:05 +0900] "GET /index HTTP/1.1" 200 645 "http://localhost:5000/" "Mozilla/5.0 (Windows NT 10.0; Win64; x64) AppleWebKit/537.36 (KHTML, like Gecko) Chrome/90.0.4430.212 Safari/537.36"
::1 - - [23/May/2021:19:26:10 +0900] "POST /emotion_prediction HTTP/1.1" 500 477 "http://localhost:5000/index" "Mozilla/5.0 (Windows NT 10.0; Win64; x64) AppleWebKit/537.36 (KHTML, like Gecko) Chrome/90.0.4430.212 Safari/537.36"
::1 - - [23/May/2021:19:28:13 +0900] "GET /restore HTTP/1.1" 200 666 "http://localhost:5000/" "Mozilla/5.0 (Windows NT 10.0; Win64; x64) AppleWebKit/537.36 (KHTML, like Gecko) Chrome/90.0.4430.212 Safari/537.36"
::1 - - [23/May/2021:19:28:17 +0900] "POST /multi_upload_gan HTTP/1.1" 500 477 "http://localhost:5000/restore" "Mozilla/5.0 (Windows NT 10.0; Win64; x64) AppleWebKit/537.36 (KHTML, like Gecko) Chrome/90.0.4430.212 Safari/537.36"
::1 - - [23/May/2021:20:43:36 +0900] "GET / HTTP/1.1" 200 1228 "-" "Mozilla/5.0 (Windows NT 10.0; Win64; x64) AppleWebKit/537.36 (KHTML, like Gecko) Chrome/90.0.4430.212 Safari/537.36"
::1 - - [23/May/2021:20:43:38 +0900] "GET /fileNum.js HTTP/1.1" 404 443 "http://localhost:5000/" "Mozilla/5.0 (Windows NT 10.0; Win64; x64) AppleWebKit/537.36 (KHTML, like Gecko) Chrome/90.0.4430.212 Safari/537.36"
::1 - - [23/May/2021:20:43:39 +0900] "GET /index HTTP/1.1" 200 645 "http://localhost:5000/" "Mozilla/5.0 (Windows NT 10.0; Win64; x64) AppleWebKit/537.36 (KHTML, like Gecko) Chrome/90.0.4430.212 Safari/537.36"
::1 - - [23/May/2021:20:43:42 +0900] "POST /emotion_prediction HTTP/1.1" 302 449 "http://localhost:5000/index" "Mozilla/5.0 (Windows NT 10.0; Win64; x64) AppleWebKit/537.36 (KHTML, like Gecko) Chrome/90.0.4430.212 Safari/537.36"
::1 - - [23/May/2021:20:43:52 +0900] "GET / HTTP/1.1" 200 1227 "http://localhost:5000/index" "Mozilla/5.0 (Windows NT 10.0; Win64; x64) AppleWebKit/537.36 (KHTML, like Gecko) Chrome/90.0.4430.212 Safari/537.36"
::1 - - [23/May/2021:20:43:52 +0900] "GET /fileNum.js HTTP/1.1" 404 443 "http://localhost:5000/" "Mozilla/5.0 (Windows NT 10.0; Win64; x64) AppleWebKit/537.36 (KHTML, like Gecko) Chrome/90.0.4430.212 Safari/537.36"
::1 - - [23/May/2021:20:44:14 +0900] "GET /index HTTP/1.1" 200 646 "http://localhost:5000/" "Mozilla/5.0 (Windows NT 10.0; Win64; x64) AppleWebKit/537.36 (KHTML, like Gecko) Chrome/90.0.4430.212 Safari/537.36"
::1 - - [23/May/2021:20:44:25 +0900] "POST /emotion_prediction HTTP/1.1" 302 450 "http://localhost:5000/index" "Mozilla/5.0 (Windows NT 10.0; Win64; x64) AppleWebKit/537.36 (KHTML, like Gecko) Chrome/90.0.4430.212 Safari/537.36"
::1 - - [23/May/2021:20:44:28 +0900] "GET / HTTP/1.1" 200 1227 "http://localhost:5000/index" "Mozilla/5.0 (Windows NT 10.0; Win64; x64) AppleWebKit/537.36 (KHTML, like Gecko) Chrome/90.0.4430.212 Safari/537.36"
::1 - - [23/May/2021:20:44:28 +0900] "GET /fileNum.js HTTP/1.1" 404 443 "http://localhost:5000/" "Mozilla/5.0 (Windows NT 10.0; Win64; x64) AppleWebKit/537.36 (KHTML, like Gecko) Chrome/90.0.4430.212 Safari/537.36"
::1 - - [23/May/2021:21:30:08 +0900] "GET / HTTP/1.1" 200 1228 "-" "Mozilla/5.0 (Windows NT 10.0; Win64; x64) AppleWebKit/537.36 (KHTML, like Gecko) Chrome/90.0.4430.212 Safari/537.36"
::1 - - [23/May/2021:21:30:10 +0900] "GET /fileNum.js HTTP/1.1" 404 443 "http://localhost:5000/" "Mozilla/5.0 (Windows NT 10.0; Win64; x64) AppleWebKit/537.36 (KHTML, like Gecko) Chrome/90.0.4430.212 Safari/537.36"
::1 - - [23/May/2021:21:30:11 +0900] "GET /index HTTP/1.1" 200 645 "http://localhost:5000/" "Mozilla/5.0 (Windows NT 10.0; Win64; x64) AppleWebKit/537.36 (KHTML, like Gecko) Chrome/90.0.4430.212 Safari/537.36"
::1 - - [23/May/2021:21:30:28 +0900] "POST /emotion_prediction HTTP/1.1" 302 450 "http://localhost:5000/index" "Mozilla/5.0 (Windows NT 10.0; Win64; x64) AppleWebKit/537.36 (KHTML, like Gecko) Chrome/90.0.4430.212 Safari/537.36"
::1 - - [23/May/2021:21:30:38 +0900] "GET / HTTP/1.1" 200 1227 "http://localhost:5000/index" "Mozilla/5.0 (Windows NT 10.0; Win64; x64) AppleWebKit/537.36 (KHTML, like Gecko) Chrome/90.0.4430.212 Safari/537.36"
::1 - - [23/May/2021:21:30:38 +0900] "GET /fileNum.js HTTP/1.1" 404 443 "http://localhost:5000/" "Mozilla/5.0 (Windows NT 10.0; Win64; x64) AppleWebKit/537.36 (KHTML, like Gecko) Chrome/90.0.4430.212 Safari/537.36"
::1 - - [23/May/2021:21:33:08 +0900] "GET /index HTTP/1.1" 200 646 "http://localhost:5000/" "Mozilla/5.0 (Windows NT 10.0; Win64; x64) AppleWebKit/537.36 (KHTML, like Gecko) Chrome/90.0.4430.212 Safari/537.36"
::1 - - [23/May/2021:21:33:13 +0900] "POST /emotion_prediction HTTP/1.1" 302 450 "http://localhost:5000/index" "Mozilla/5.0 (Windows NT 10.0; Win64; x64) AppleWebKit/537.36 (KHTML, like Gecko) Chrome/90.0.4430.212 Safari/537.36"
::1 - - [23/May/2021:21:33:18 +0900] "GET / HTTP/1.1" 200 1227 "http://localhost:5000/index" "Mozilla/5.0 (Windows NT 10.0; Win64; x64) AppleWebKit/537.36 (KHTML, like Gecko) Chrome/90.0.4430.212 Safari/537.36"
::1 - - [23/May/2021:21:33:18 +0900] "GET /fileNum.js HTTP/1.1" 404 443 "http://localhost:5000/" "Mozilla/5.0 (Windows NT 10.0; Win64; x64) AppleWebKit/537.36 (KHTML, like Gecko) Chrome/90.0.4430.212 Safari/537.36"
